<?xml version="1.0" encoding="UTF-8"?>
<testsuite name="com.example.account.service.LockAopAspectTest" tests="2" skipped="0" failures="0" errors="0" timestamp="2022-09-25T14:20:16" hostname="choetaehun-ui-MacBookPro.local" time="0.103">
  <properties/>
  <testcase name="lockAndUnlock_evenIf()" classname="com.example.account.service.LockAopAspectTest" time="0.098"/>
  <testcase name="lockAndUnlock()" classname="com.example.account.service.LockAopAspectTest" time="0.003"/>
  <system-out><![CDATA[]]></system-out>
  <system-err><![CDATA[]]></system-err>
</testsuite>
