<?xml version="1.0" encoding="UTF-8"?>
<testsuite name="com.example.account.controller.AccountControllerTest" tests="4" skipped="0" failures="0" errors="0" timestamp="2022-09-25T14:20:10" hostname="choetaehun-ui-MacBookPro.local" time="0.358">
  <properties/>
  <testcase name="successCreateAccount()" classname="com.example.account.controller.AccountControllerTest" time="0.224"/>
  <testcase name="successDeleteAccount()" classname="com.example.account.controller.AccountControllerTest" time="0.06"/>
  <testcase name="successGetAccountsByUserId()" classname="com.example.account.controller.AccountControllerTest" time="0.039"/>
  <testcase name="successGetAccount()" classname="com.example.account.controller.AccountControllerTest" time="0.024"/>
  <system-out><![CDATA[2022-09-25 23:20:09.671  INFO 84375 --- [    Test worker] .b.t.a.w.s.WebMvcTestContextBootstrapper : Neither @ContextConfiguration nor @ContextHierarchy found for test class [com.example.account.controller.AccountControllerTest], using SpringBootContextLoader
2022-09-25 23:20:09.673  INFO 84375 --- [    Test worker] o.s.t.c.support.AbstractContextLoader    : Could not detect default resource locations for test class [com.example.account.controller.AccountControllerTest]: no resource found for suffixes {-context.xml, Context.groovy}.
2022-09-25 23:20:09.674  INFO 84375 --- [    Test worker] t.c.s.AnnotationConfigContextLoaderUtils : Could not detect default configuration classes for test class [com.example.account.controller.AccountControllerTest]: AccountControllerTest does not declare any static, non-private, non-final, nested classes annotated with @Configuration.
2022-09-25 23:20:09.723  INFO 84375 --- [    Test worker] .b.t.c.SpringBootTestContextBootstrapper : Found @SpringBootConfiguration com.example.account.AccountApplication for test class com.example.account.controller.AccountControllerTest
2022-09-25 23:20:09.724  INFO 84375 --- [    Test worker] .b.t.a.w.s.WebMvcTestContextBootstrapper : Loaded default TestExecutionListener class names from location [META-INF/spring.factories]: [org.springframework.boot.test.autoconfigure.restdocs.RestDocsTestExecutionListener, org.springframework.boot.test.autoconfigure.web.client.MockRestServiceServerResetTestExecutionListener, org.springframework.boot.test.autoconfigure.web.servlet.MockMvcPrintOnlyOnFailureTestExecutionListener, org.springframework.boot.test.autoconfigure.web.servlet.WebDriverTestExecutionListener, org.springframework.boot.test.autoconfigure.webservices.client.MockWebServiceServerTestExecutionListener, org.springframework.boot.test.mock.mockito.MockitoTestExecutionListener, org.springframework.boot.test.mock.mockito.ResetMocksTestExecutionListener, org.springframework.test.context.web.ServletTestExecutionListener, org.springframework.test.context.support.DirtiesContextBeforeModesTestExecutionListener, org.springframework.test.context.event.ApplicationEventsTestExecutionListener, org.springframework.test.context.support.DependencyInjectionTestExecutionListener, org.springframework.test.context.support.DirtiesContextTestExecutionListener, org.springframework.test.context.transaction.TransactionalTestExecutionListener, org.springframework.test.context.jdbc.SqlScriptsTestExecutionListener, org.springframework.test.context.event.EventPublishingTestExecutionListener]
2022-09-25 23:20:09.725  INFO 84375 --- [    Test worker] .b.t.a.w.s.WebMvcTestContextBootstrapper : Using TestExecutionListeners: [org.springframework.test.context.web.ServletTestExecutionListener@3d7d920b, org.springframework.test.context.support.DirtiesContextBeforeModesTestExecutionListener@628190ec, org.springframework.test.context.event.ApplicationEventsTestExecutionListener@4540aade, org.springframework.boot.test.mock.mockito.MockitoTestExecutionListener@697797e4, org.springframework.boot.test.autoconfigure.SpringBootDependencyInjectionTestExecutionListener@38cbbd0b, org.springframework.test.context.support.DirtiesContextTestExecutionListener@56a34c0e, org.springframework.test.context.transaction.TransactionalTestExecutionListener@16750a5e, org.springframework.test.context.jdbc.SqlScriptsTestExecutionListener@436867c3, org.springframework.test.context.event.EventPublishingTestExecutionListener@262ea940, org.springframework.boot.test.autoconfigure.restdocs.RestDocsTestExecutionListener@6aa152b7, org.springframework.boot.test.autoconfigure.web.client.MockRestServiceServerResetTestExecutionListener@54b88247, org.springframework.boot.test.autoconfigure.web.servlet.MockMvcPrintOnlyOnFailureTestExecutionListener@54eea16c, org.springframework.boot.test.autoconfigure.web.servlet.WebDriverTestExecutionListener@7d96618, org.springframework.boot.test.autoconfigure.webservices.client.MockWebServiceServerTestExecutionListener@678db8be, org.springframework.boot.test.mock.mockito.ResetMocksTestExecutionListener@77b7a4b2]

  .   ____          _            __ _ _
 /\\ / ___'_ __ _ _(_)_ __  __ _ \ \ \ \
( ( )\___ | '_ | '_| | '_ \/ _` | \ \ \ \
 \\/  ___)| |_)| | | | | || (_| |  ) ) ) )
  '  |____| .__|_| |_|_| |_\__, | / / / /
 =========|_|==============|___/=/_/_/_/
 :: Spring Boot ::                (v2.6.8)

2022-09-25 23:20:09.797  INFO 84375 --- [    Test worker] c.e.a.controller.AccountControllerTest   : Starting AccountControllerTest using Java 11.0.11 on choetaehun-ui-MacBookPro.local with PID 84375 (started by choitaehoon in /Users/choitaehoon/study/misson2)
2022-09-25 23:20:09.797  INFO 84375 --- [    Test worker] c.e.a.controller.AccountControllerTest   : No active profile set, falling back to 1 default profile: "default"
2022-09-25 23:20:10.470  INFO 84375 --- [    Test worker] o.s.b.t.m.w.SpringBootMockServletContext : Initializing Spring TestDispatcherServlet ''
2022-09-25 23:20:10.471  INFO 84375 --- [    Test worker] o.s.t.web.servlet.TestDispatcherServlet  : Initializing Servlet ''
2022-09-25 23:20:10.472  INFO 84375 --- [    Test worker] o.s.t.web.servlet.TestDispatcherServlet  : Completed initialization in 1 ms
2022-09-25 23:20:10.489  INFO 84375 --- [    Test worker] c.e.a.controller.AccountControllerTest   : Started AccountControllerTest in 0.76 seconds (JVM running for 11.157)

MockHttpServletRequest:
      HTTP Method = POST
      Request URI = /account
       Parameters = {}
          Headers = [Content-Type:"application/json;charset=UTF-8", Content-Length:"32"]
             Body = {"userId":1,"initalBalance":100}
    Session Attrs = {}

Handler:
             Type = com.example.account.controller.AccountController
           Method = com.example.account.controller.AccountController#createAccount(Request)

Async:
    Async started = false
     Async result = null

Resolved Exception:
             Type = null

ModelAndView:
        View name = null
             View = null
            Model = null

FlashMap:
       Attributes = null

MockHttpServletResponse:
           Status = 200
    Error message = null
          Headers = [Content-Type:"application/json"]
     Content type = application/json
             Body = {"userId":1,"accountNumber":"1234567890","registeredAt":"2022-09-25T23:20:10.522742"}
    Forwarded URL = null
   Redirected URL = null
          Cookies = []

MockHttpServletRequest:
      HTTP Method = DELETE
      Request URI = /account
       Parameters = {}
          Headers = [Content-Type:"application/json;charset=UTF-8", Content-Length:"44"]
             Body = {"userId":3333,"accountNumber":"1234567890"}
    Session Attrs = {}

Handler:
             Type = com.example.account.controller.AccountController
           Method = com.example.account.controller.AccountController#deleteAccount(Request)

Async:
    Async started = false
     Async result = null

Resolved Exception:
             Type = null

ModelAndView:
        View name = null
             View = null
            Model = null

FlashMap:
       Attributes = null

MockHttpServletResponse:
           Status = 200
    Error message = null
          Headers = [Content-Type:"application/json"]
     Content type = application/json
             Body = {"userId":1,"accountNumber":"1234567890","unRegisteredAt":"2022-09-25T23:20:10.735435"}
    Forwarded URL = null
   Redirected URL = null
          Cookies = []

MockHttpServletRequest:
      HTTP Method = GET
      Request URI = /account/
       Parameters = {user_id=[1]}
          Headers = []
             Body = null
    Session Attrs = {}

Handler:
             Type = com.example.account.controller.AccountController
           Method = com.example.account.controller.AccountController#getAccountByUserId(Long)

Async:
    Async started = false
     Async result = null

Resolved Exception:
             Type = null

ModelAndView:
        View name = null
             View = null
            Model = null

FlashMap:
       Attributes = null

MockHttpServletResponse:
           Status = 200
    Error message = null
          Headers = [Content-Type:"application/json"]
     Content type = application/json
             Body = [{"accountNumber":"1234567890","balance":1000},{"accountNumber":"1234567891","balance":1002},{"accountNumber":"1234567892","balance":1003}]
    Forwarded URL = null
   Redirected URL = null
          Cookies = []

MockHttpServletRequest:
      HTTP Method = GET
      Request URI = /account/876
       Parameters = {}
          Headers = []
             Body = null
    Session Attrs = {}

Handler:
             Type = com.example.account.controller.AccountController
           Method = com.example.account.controller.AccountController#getAccount(Long)

Async:
    Async started = false
     Async result = null

Resolved Exception:
             Type = null

ModelAndView:
        View name = null
             View = null
            Model = null

FlashMap:
       Attributes = null

MockHttpServletResponse:
           Status = 200
    Error message = null
          Headers = [Content-Type:"application/json"]
     Content type = application/json
             Body = {"id":null,"accountUser":null,"accountNumber":"3456","accountStatus":"IN_USE","balance":null,"registeredAt":null,"unRegisteredAt":null,"createdAt":null,"updatedAt":null}
    Forwarded URL = null
   Redirected URL = null
          Cookies = []
]]></system-out>
  <system-err><![CDATA[]]></system-err>
</testsuite>
