<?xml version="1.0" encoding="UTF-8"?>
<testsuite name="com.example.account.controller.TransactionControllerTest" tests="3" skipped="0" failures="0" errors="0" timestamp="2022-09-25T14:20:11" hostname="choetaehun-ui-MacBookPro.local" time="5.144">
  <properties/>
  <testcase name="successUseBalance()" classname="com.example.account.controller.TransactionControllerTest" time="5.091"/>
  <testcase name="successQueryTransaction()" classname="com.example.account.controller.TransactionControllerTest" time="0.02"/>
  <testcase name="successCancelBalance()" classname="com.example.account.controller.TransactionControllerTest" time="0.029"/>
  <system-out><![CDATA[2022-09-25 23:20:10.870  INFO 84375 --- [    Test worker] .b.t.a.w.s.WebMvcTestContextBootstrapper : Neither @ContextConfiguration nor @ContextHierarchy found for test class [com.example.account.controller.TransactionControllerTest], using SpringBootContextLoader
2022-09-25 23:20:10.873  INFO 84375 --- [    Test worker] o.s.t.c.support.AbstractContextLoader    : Could not detect default resource locations for test class [com.example.account.controller.TransactionControllerTest]: no resource found for suffixes {-context.xml, Context.groovy}.
2022-09-25 23:20:10.873  INFO 84375 --- [    Test worker] t.c.s.AnnotationConfigContextLoaderUtils : Could not detect default configuration classes for test class [com.example.account.controller.TransactionControllerTest]: TransactionControllerTest does not declare any static, non-private, non-final, nested classes annotated with @Configuration.
2022-09-25 23:20:10.881  INFO 84375 --- [    Test worker] .b.t.c.SpringBootTestContextBootstrapper : Found @SpringBootConfiguration com.example.account.AccountApplication for test class com.example.account.controller.TransactionControllerTest
2022-09-25 23:20:10.881  INFO 84375 --- [    Test worker] .b.t.a.w.s.WebMvcTestContextBootstrapper : Loaded default TestExecutionListener class names from location [META-INF/spring.factories]: [org.springframework.boot.test.autoconfigure.restdocs.RestDocsTestExecutionListener, org.springframework.boot.test.autoconfigure.web.client.MockRestServiceServerResetTestExecutionListener, org.springframework.boot.test.autoconfigure.web.servlet.MockMvcPrintOnlyOnFailureTestExecutionListener, org.springframework.boot.test.autoconfigure.web.servlet.WebDriverTestExecutionListener, org.springframework.boot.test.autoconfigure.webservices.client.MockWebServiceServerTestExecutionListener, org.springframework.boot.test.mock.mockito.MockitoTestExecutionListener, org.springframework.boot.test.mock.mockito.ResetMocksTestExecutionListener, org.springframework.test.context.web.ServletTestExecutionListener, org.springframework.test.context.support.DirtiesContextBeforeModesTestExecutionListener, org.springframework.test.context.event.ApplicationEventsTestExecutionListener, org.springframework.test.context.support.DependencyInjectionTestExecutionListener, org.springframework.test.context.support.DirtiesContextTestExecutionListener, org.springframework.test.context.transaction.TransactionalTestExecutionListener, org.springframework.test.context.jdbc.SqlScriptsTestExecutionListener, org.springframework.test.context.event.EventPublishingTestExecutionListener]
2022-09-25 23:20:10.882  INFO 84375 --- [    Test worker] .b.t.a.w.s.WebMvcTestContextBootstrapper : Using TestExecutionListeners: [org.springframework.test.context.web.ServletTestExecutionListener@2fe6bcbb, org.springframework.test.context.support.DirtiesContextBeforeModesTestExecutionListener@4e92c6c2, org.springframework.test.context.event.ApplicationEventsTestExecutionListener@71a18feb, org.springframework.boot.test.mock.mockito.MockitoTestExecutionListener@66032b8d, org.springframework.boot.test.autoconfigure.SpringBootDependencyInjectionTestExecutionListener@7c1a5092, org.springframework.test.context.support.DirtiesContextTestExecutionListener@24663d05, org.springframework.test.context.transaction.TransactionalTestExecutionListener@59c530b5, org.springframework.test.context.jdbc.SqlScriptsTestExecutionListener@26652743, org.springframework.test.context.event.EventPublishingTestExecutionListener@8d56ddd, org.springframework.boot.test.autoconfigure.restdocs.RestDocsTestExecutionListener@1d4ee7d7, org.springframework.boot.test.autoconfigure.web.client.MockRestServiceServerResetTestExecutionListener@6d7e2c53, org.springframework.boot.test.autoconfigure.web.servlet.MockMvcPrintOnlyOnFailureTestExecutionListener@62ae5180, org.springframework.boot.test.autoconfigure.web.servlet.WebDriverTestExecutionListener@4136638d, org.springframework.boot.test.autoconfigure.webservices.client.MockWebServiceServerTestExecutionListener@2bac4423, org.springframework.boot.test.mock.mockito.ResetMocksTestExecutionListener@37acf9b1]

  .   ____          _            __ _ _
 /\\ / ___'_ __ _ _(_)_ __  __ _ \ \ \ \
( ( )\___ | '_ | '_| | '_ \/ _` | \ \ \ \
 \\/  ___)| |_)| | | | | || (_| |  ) ) ) )
  '  |____| .__|_| |_|_| |_\__, | / / / /
 =========|_|==============|___/=/_/_/_/
 :: Spring Boot ::                (v2.6.8)

2022-09-25 23:20:10.924  INFO 84375 --- [    Test worker] c.e.a.c.TransactionControllerTest        : Starting TransactionControllerTest using Java 11.0.11 on choetaehun-ui-MacBookPro.local with PID 84375 (started by choitaehoon in /Users/choitaehoon/study/misson2)
2022-09-25 23:20:10.925  INFO 84375 --- [    Test worker] c.e.a.c.TransactionControllerTest        : No active profile set, falling back to 1 default profile: "default"
2022-09-25 23:20:11.466  INFO 84375 --- [    Test worker] o.s.b.t.m.w.SpringBootMockServletContext : Initializing Spring TestDispatcherServlet ''
2022-09-25 23:20:11.466  INFO 84375 --- [    Test worker] o.s.t.web.servlet.TestDispatcherServlet  : Initializing Servlet ''
2022-09-25 23:20:11.467  INFO 84375 --- [    Test worker] o.s.t.web.servlet.TestDispatcherServlet  : Completed initialization in 0 ms
2022-09-25 23:20:11.482  INFO 84375 --- [    Test worker] c.e.a.c.TransactionControllerTest        : Started TransactionControllerTest in 0.596 seconds (JVM running for 12.149)

MockHttpServletRequest:
      HTTP Method = POST
      Request URI = /transaction/use
       Parameters = {}
          Headers = [Content-Type:"application/json;charset=UTF-8", Content-Length:"55"]
             Body = {"userId":1,"accountNumber":"2000000000","amount":3000}
    Session Attrs = {}

Handler:
             Type = com.example.account.controller.TransactionController
           Method = com.example.account.controller.TransactionController#useBalance(Request)

Async:
    Async started = false
     Async result = null

Resolved Exception:
             Type = null

ModelAndView:
        View name = null
             View = null
            Model = null

FlashMap:
       Attributes = null

MockHttpServletResponse:
           Status = 200
    Error message = null
          Headers = [Content-Type:"application/json"]
     Content type = application/json
             Body = {"accountNumber":"1000000000","transactionResult":"S","transactionId":"transacationId","amount":12345,"transactedAt":"2022-09-25T23:20:11.493488"}
    Forwarded URL = null
   Redirected URL = null
          Cookies = []

MockHttpServletRequest:
      HTTP Method = GET
      Request URI = /transaction/12345
       Parameters = {}
          Headers = []
             Body = null
    Session Attrs = {}

Handler:
             Type = com.example.account.controller.TransactionController
           Method = com.example.account.controller.TransactionController#queryTransaction(String)

Async:
    Async started = false
     Async result = null

Resolved Exception:
             Type = null

ModelAndView:
        View name = null
             View = null
            Model = null

FlashMap:
       Attributes = null

MockHttpServletResponse:
           Status = 200
    Error message = null
          Headers = [Content-Type:"application/json"]
     Content type = application/json
             Body = {"accountNumber":"1000000000","transactionType":"USE","transactionResult":"S","transactionId":"transacationId","amount":12345,"transactedAt":"2022-09-25T23:20:16.583825"}
    Forwarded URL = null
   Redirected URL = null
          Cookies = []

MockHttpServletRequest:
      HTTP Method = POST
      Request URI = /transaction/cancel
       Parameters = {}
          Headers = [Content-Type:"application/json;charset=UTF-8", Content-Length:"76"]
             Body = {"transactionId":"transactionId","accountNumber":"2000000000","amount":3000}
    Session Attrs = {}

Handler:
             Type = com.example.account.controller.TransactionController
           Method = com.example.account.controller.TransactionController#cancelBalance(Request)

Async:
    Async started = false
     Async result = null

Resolved Exception:
             Type = null

ModelAndView:
        View name = null
             View = null
            Model = null

FlashMap:
       Attributes = null

MockHttpServletResponse:
           Status = 200
    Error message = null
          Headers = [Content-Type:"application/json"]
     Content type = application/json
             Body = {"accountNumber":"1000000000","transactionResult":"S","transactionId":"transactionIdForCancel","amount":54321,"transactedAt":"2022-09-25T23:20:16.605394"}
    Forwarded URL = null
   Redirected URL = null
          Cookies = []
]]></system-out>
  <system-err><![CDATA[]]></system-err>
</testsuite>
