<?xml version="1.0" encoding="UTF-8"?>
<testsuite name="com.example.account.service.AccountServiceTest" tests="12" skipped="0" failures="0" errors="0" timestamp="2022-09-25T14:20:16" hostname="choetaehun-ui-MacBookPro.local" time="0.279">
  <properties/>
  <testcase name="createAccount_maxAccountIs10()" classname="com.example.account.service.AccountServiceTest" time="0.218"/>
  <testcase name="해당 유저 없음 - 계좌 해지 실패" classname="com.example.account.service.AccountServiceTest" time="0.002"/>
  <testcase name="deleteAccountSuccess()" classname="com.example.account.service.AccountServiceTest" time="0.009"/>
  <testcase name="successGetAccountByUserId()" classname="com.example.account.service.AccountServiceTest" time="0.004"/>
  <testcase name="해당 계좌 없음 - 계좌 해지 실패" classname="com.example.account.service.AccountServiceTest" time="0.006"/>
  <testcase name="해당 계좌는 잔액이 없어야한다." classname="com.example.account.service.AccountServiceTest" time="0.004"/>
  <testcase name="계좌 소유주 다름" classname="com.example.account.service.AccountServiceTest" time="0.001"/>
  <testcase name="해당 유저 없음 - 계좌 생성 실패" classname="com.example.account.service.AccountServiceTest" time="0.001"/>
  <testcase name="createFirstAccount()" classname="com.example.account.service.AccountServiceTest" time="0.005"/>
  <testcase name="해지 계좌는 해지할 수 없다" classname="com.example.account.service.AccountServiceTest" time="0.002"/>
  <testcase name="failedToGetAccounts()" classname="com.example.account.service.AccountServiceTest" time="0.001"/>
  <testcase name="createAccountSuccess()" classname="com.example.account.service.AccountServiceTest" time="0.015"/>
  <system-out><![CDATA[]]></system-out>
  <system-err><![CDATA[]]></system-err>
</testsuite>
